Using pre-set license
Built from '2021.3/staging' branch; Version is '2021.3.8f1 (b30333d56e81) revision 11731763'; Using compiler version '192829333'; Build Type 'Release'
OS: 'Windows 10  (10.0.19045) 64bit ProfessionalN' Language: 'es' Physical Memory: 16331 MB
BatchMode: 1, IsHumanControllingUs: 0, StartBugReporterOnCrash: 0, Is64bit: 1, IsPro: 1

COMMAND LINE ARGUMENTS:
D:\Programas diseno\2021.3.8f1\Editor\Unity.exe
-adb2
-batchMode
-noUpm
-name
AssetImportWorker1
-projectPath
D:/Backup/Documentos/2024-1/Videojuegos 3d 2/Creators - Game
-logFile
Logs/AssetImportWorker1.log
-srvPort
59644
Successfully changed project path to: D:/Backup/Documentos/2024-1/Videojuegos 3d 2/Creators - Game
D:/Backup/Documentos/2024-1/Videojuegos 3d 2/Creators - Game
[UnityMemory] Configuration Parameters - Can be set up in boot.config
    "memorysetup-bucket-allocator-granularity=16"
    "memorysetup-bucket-allocator-bucket-count=8"
    "memorysetup-bucket-allocator-block-size=33554432"
    "memorysetup-bucket-allocator-block-count=8"
    "memorysetup-main-allocator-block-size=16777216"
    "memorysetup-thread-allocator-block-size=16777216"
    "memorysetup-gfx-main-allocator-block-size=16777216"
    "memorysetup-gfx-thread-allocator-block-size=16777216"
    "memorysetup-cache-allocator-block-size=4194304"
    "memorysetup-typetree-allocator-block-size=2097152"
    "memorysetup-profiler-bucket-allocator-granularity=16"
    "memorysetup-profiler-bucket-allocator-bucket-count=8"
    "memorysetup-profiler-bucket-allocator-block-size=33554432"
    "memorysetup-profiler-bucket-allocator-block-count=8"
    "memorysetup-profiler-allocator-block-size=16777216"
    "memorysetup-profiler-editor-allocator-block-size=1048576"
    "memorysetup-temp-allocator-size-main=16777216"
    "memorysetup-job-temp-allocator-block-size=2097152"
    "memorysetup-job-temp-allocator-block-size-background=1048576"
    "memorysetup-job-temp-allocator-reduction-small-platforms=262144"
    "memorysetup-temp-allocator-size-background-worker=32768"
    "memorysetup-temp-allocator-size-job-worker=262144"
    "memorysetup-temp-allocator-size-preload-manager=33554432"
    "memorysetup-temp-allocator-size-nav-mesh-worker=65536"
    "memorysetup-temp-allocator-size-audio-worker=65536"
    "memorysetup-temp-allocator-size-cloud-worker=32768"
    "memorysetup-temp-allocator-size-gi-baking-worker=262144"
    "memorysetup-temp-allocator-size-gfx=262144"
Refreshing native plugins compatible for Editor in 185.10 ms, found 3 plugins.
Preloading 0 native plugins for Editor in 0.00 ms.
Initialize engine version: 2021.3.8f1 (b30333d56e81)
[Subsystems] Discovering subsystems at path D:/Programas diseno/2021.3.8f1/Editor/Data/Resources/UnitySubsystems
[Subsystems] Discovering subsystems at path D:/Backup/Documentos/2024-1/Videojuegos 3d 2/Creators - Game/Assets
GfxDevice: creating device client; threaded=0; jobified=0
Direct3D:
    Version:  Direct3D 11.0 [level 11.1]
    Renderer: NVIDIA GeForce RTX 3060 (ID=0x2504)
    Vendor:   NVIDIA
    VRAM:     12129 MB
    Driver:   31.0.15.3179
Initialize mono
Mono path[0] = 'D:/Programas diseno/2021.3.8f1/Editor/Data/Managed'
Mono path[1] = 'D:/Programas diseno/2021.3.8f1/Editor/Data/MonoBleedingEdge/lib/mono/unityjit-win32'
Mono config path = 'D:/Programas diseno/2021.3.8f1/Editor/Data/MonoBleedingEdge/etc'
Using monoOptions --debugger-agent=transport=dt_socket,embedding=1,server=y,suspend=n,address=127.0.0.1:56156
Begin MonoManager ReloadAssembly
Registering precompiled unity dll's ...
Register platform support module: D:/Programas diseno/2021.3.8f1/Editor/Data/PlaybackEngines/WebGLSupport/UnityEditor.WebGL.Extensions.dll
Register platform support module: D:/Programas diseno/2021.3.8f1/Editor/Data/PlaybackEngines/WindowsStandaloneSupport/UnityEditor.WindowsStandalone.Extensions.dll
Registered in 0.008477 seconds.
Native extension for WindowsStandalone target not found
Native extension for WebGL target not found
Refreshing native plugins compatible for Editor in 186.81 ms, found 3 plugins.
Preloading 0 native plugins for Editor in 0.00 ms.
Mono: successfully reloaded assembly
- Completed reload, in  1.598 seconds
Domain Reload Profiling:
	ReloadAssembly (1599ms)
		BeginReloadAssembly (230ms)
			ExecutionOrderSort (0ms)
			DisableScriptedObjects (0ms)
			BackupInstance (0ms)
			ReleaseScriptingObjects (0ms)
			CreateAndSetChildDomain (2ms)
		EndReloadAssembly (1105ms)
			LoadAssemblies (230ms)
			RebuildTransferFunctionScriptingTraits (0ms)
			SetupTypeCache (286ms)
			ReleaseScriptCaches (0ms)
			RebuildScriptCaches (69ms)
			SetupLoadedEditorAssemblies (630ms)
				LogAssemblyErrors (0ms)
				InitializePlatformSupportModulesInManaged (17ms)
				SetLoadedEditorAssemblies (1ms)
				RefreshPlugins (187ms)
				BeforeProcessingInitializeOnLoad (2ms)
				ProcessInitializeOnLoadAttributes (306ms)
				ProcessInitializeOnLoadMethodAttributes (116ms)
				AfterProcessingInitializeOnLoad (0ms)
				EditorAssembliesLoaded (0ms)
			ExecutionOrderSort2 (0ms)
			AwakeInstancesAfterBackupRestoration (0ms)
Platform modules already initialized, skipping
Registering precompiled user dll's ...
Registered in 0.013153 seconds.
Begin MonoManager ReloadAssembly
Symbol file LoadedFromMemory doesn't match image D:\Backup\Documentos\2024-1\Videojuegos 3d 2\Creators - Game\Library\PackageCache\com.unity.visualscripting@1.7.8\Editor\VisualScripting.Core\Dependencies\YamlDotNet\Unity.VisualScripting.YamlDotNet.dll
Symbol file LoadedFromMemory doesn't match image D:\Backup\Documentos\2024-1\Videojuegos 3d 2\Creators - Game\Library\PackageCache\com.unity.visualscripting@1.7.8\Editor\VisualScripting.Core\Dependencies\DotNetZip\Unity.VisualScripting.IonicZip.dll
Native extension for WindowsStandalone target not found
Native extension for WebGL target not found
Refreshing native plugins compatible for Editor in 2.14 ms, found 3 plugins.
Preloading 0 native plugins for Editor in 0.00 ms.
Mono: successfully reloaded assembly
- Completed reload, in  2.533 seconds
Domain Reload Profiling:
	ReloadAssembly (2535ms)
		BeginReloadAssembly (301ms)
			ExecutionOrderSort (0ms)
			DisableScriptedObjects (10ms)
			BackupInstance (0ms)
			ReleaseScriptingObjects (0ms)
			CreateAndSetChildDomain (49ms)
		EndReloadAssembly (1951ms)
			LoadAssemblies (258ms)
			RebuildTransferFunctionScriptingTraits (0ms)
			SetupTypeCache (675ms)
			ReleaseScriptCaches (2ms)
			RebuildScriptCaches (133ms)
			SetupLoadedEditorAssemblies (843ms)
				LogAssemblyErrors (0ms)
				InitializePlatformSupportModulesInManaged (14ms)
				SetLoadedEditorAssemblies (1ms)
				RefreshPlugins (2ms)
				BeforeProcessingInitializeOnLoad (201ms)
				ProcessInitializeOnLoadAttributes (543ms)
				ProcessInitializeOnLoadMethodAttributes (74ms)
				AfterProcessingInitializeOnLoad (7ms)
				EditorAssembliesLoaded (0ms)
			ExecutionOrderSort2 (0ms)
			AwakeInstancesAfterBackupRestoration (14ms)
Platform modules already initialized, skipping
========================================================================
Worker process is ready to serve import requests
Launched and connected shader compiler UnityShaderCompiler.exe after 0.16 seconds
Refreshing native plugins compatible for Editor in 2.23 ms, found 3 plugins.
Preloading 0 native plugins for Editor in 0.00 ms.
Unloading 3377 Unused Serialized files (Serialized files now loaded: 0)
Unloading 27 unused Assets / (110.9 KB). Loaded Objects now: 3848.
Memory consumption went from 128.0 MB to 127.9 MB.
Total: 8.380300 ms (FindLiveObjects: 0.702300 ms CreateObjectMapping: 0.303400 ms MarkObjects: 7.095500 ms  DeleteObjects: 0.276500 ms)

AssetImportParameters requested are different than current active one (requested -> active):
  custom:video-decoder-ogg-theora: a1e56fd34408186e4bbccfd4996cb3dc -> 
  custom:container-muxer-webm: aa71ff27fc2769a1b78a27578f13a17b -> 
  custom:container-demuxer-webm: 4f35f7cbe854078d1ac9338744f61a02 -> 
  custom:video-encoder-webm-vp8: eb34c28f22e8b96e1ab97ce403110664 -> 
  custom:audio-encoder-webm-vorbis: bf7c407c2cedff20999df2af8eb42d56 -> 
  custom:framework-win-MediaFoundation: 216162199b28c13a410421893ffa2e32 -> 
  custom:container-demuxer-ogg: 62fdf1f143b41e24485cea50d1cbac27 -> 
  custom:video-decoder-webm-vp8: 9c59270c3fd7afecdb556c50c9e8de78 -> 
  custom:audio-decoder-ogg-vorbis: bf7c407c2cedff20999df2af8eb42d56 -> 
========================================================================
Received Import Request.
  Time since last request: 449393.289485 seconds.
  path: Assets/DigitalKonstrukt/Prototyping_Pack_Free/Resources
  artifactKey: Guid(dc4bb0fafa82d884481178ef46e29fdd) Importer(815301076,1909f56bfc062723c751e8b465ee728b)
Start importing Assets/DigitalKonstrukt/Prototyping_Pack_Free/Resources using Guid(dc4bb0fafa82d884481178ef46e29fdd) Importer(815301076,1909f56bfc062723c751e8b465ee728b)  -> (artifact id: '521e50cc8c993b1f219d8ee467fedc65') in 0.019063 seconds 
========================================================================
Received Import Request.
  Time since last request: 680.640884 seconds.
  path: Assets/Models/Player/Y Bot.fbx
  artifactKey: Guid(664b080b733ec074bb283c103f3fe133) Importer(815301076,1909f56bfc062723c751e8b465ee728b)
Start importing Assets/Models/Player/Y Bot.fbx using Guid(664b080b733ec074bb283c103f3fe133) Importer(815301076,1909f56bfc062723c751e8b465ee728b)  -> (artifact id: 'b6a33d4c86c71b0b24c53078a7baa0ae') in 1.246659 seconds 
========================================================================
Received Import Request.
  Time since last request: 1104.090928 seconds.
  path: Assets/DigitalKonstrukt/Prototyping_Pack_Free/Resources/Prefabs/Cubes/PTK_Cube_2.prefab
  artifactKey: Guid(886758c00f5412747bef0c21f6f30418) Importer(815301076,1909f56bfc062723c751e8b465ee728b)
Start importing Assets/DigitalKonstrukt/Prototyping_Pack_Free/Resources/Prefabs/Cubes/PTK_Cube_2.prefab using Guid(886758c00f5412747bef0c21f6f30418) Importer(815301076,1909f56bfc062723c751e8b465ee728b)  -> (artifact id: '495bab1bebef0ad46e99eae884d6c1e0') in 0.077345 seconds 
========================================================================
Received Import Request.
  Time since last request: 3096.133877 seconds.
  path: Assets/Animations/Player/Y Bot@One Hand Sword Combo.fbx
  artifactKey: Guid(8a05ec35158a3004fa8ba279dd44bd34) Importer(815301076,1909f56bfc062723c751e8b465ee728b)
Start importing Assets/Animations/Player/Y Bot@One Hand Sword Combo.fbx using Guid(8a05ec35158a3004fa8ba279dd44bd34) Importer(815301076,1909f56bfc062723c751e8b465ee728b)  -> (artifact id: '4dbbe4fca8b33be620b2834e8a40b333') in 0.166129 seconds 
========================================================================
Received Prepare
Registering precompiled user dll's ...
Registered in 0.012126 seconds.
Begin MonoManager ReloadAssembly
Symbol file LoadedFromMemory doesn't match image D:\Backup\Documentos\2024-1\Videojuegos 3d 2\Creators - Game\Library\PackageCache\com.unity.visualscripting@1.7.8\Editor\VisualScripting.Core\Dependencies\YamlDotNet\Unity.VisualScripting.YamlDotNet.dll
Symbol file LoadedFromMemory doesn't match image D:\Backup\Documentos\2024-1\Videojuegos 3d 2\Creators - Game\Library\PackageCache\com.unity.visualscripting@1.7.8\Editor\VisualScripting.Core\Dependencies\DotNetZip\Unity.VisualScripting.IonicZip.dll
Native extension for WindowsStandalone target not found
Native extension for WebGL target not found
Refreshing native plugins compatible for Editor in 2.24 ms, found 3 plugins.
Preloading 0 native plugins for Editor in 0.00 ms.
Mono: successfully reloaded assembly
- Completed reload, in  2.663 seconds
Domain Reload Profiling:
	ReloadAssembly (2665ms)
		BeginReloadAssembly (439ms)
			ExecutionOrderSort (0ms)
			DisableScriptedObjects (12ms)
			BackupInstance (0ms)
			ReleaseScriptingObjects (0ms)
			CreateAndSetChildDomain (132ms)
		EndReloadAssembly (1967ms)
			LoadAssemblies (308ms)
			RebuildTransferFunctionScriptingTraits (0ms)
			SetupTypeCache (742ms)
			ReleaseScriptCaches (3ms)
			RebuildScriptCaches (108ms)
			SetupLoadedEditorAssemblies (789ms)
				LogAssemblyErrors (0ms)
				InitializePlatformSupportModulesInManaged (34ms)
				SetLoadedEditorAssemblies (2ms)
				RefreshPlugins (2ms)
				BeforeProcessingInitializeOnLoad (158ms)
				ProcessInitializeOnLoadAttributes (513ms)
				ProcessInitializeOnLoadMethodAttributes (71ms)
				AfterProcessingInitializeOnLoad (7ms)
				EditorAssembliesLoaded (1ms)
			ExecutionOrderSort2 (0ms)
			AwakeInstancesAfterBackupRestoration (16ms)
Platform modules already initialized, skipping
Refreshing native plugins compatible for Editor in 5.68 ms, found 3 plugins.
Preloading 0 native plugins for Editor in 0.00 ms.
Unloading 3372 Unused Serialized files (Serialized files now loaded: 0)
Unloading 20 unused Assets / (78.2 KB). Loaded Objects now: 3895.
Memory consumption went from 145.3 MB to 145.2 MB.
Total: 7.391500 ms (FindLiveObjects: 0.672000 ms CreateObjectMapping: 0.253200 ms MarkObjects: 6.213900 ms  DeleteObjects: 0.250100 ms)

AssetImportParameters requested are different than current active one (requested -> active):
  custom:video-decoder-ogg-theora: a1e56fd34408186e4bbccfd4996cb3dc -> 
  custom:container-muxer-webm: aa71ff27fc2769a1b78a27578f13a17b -> 
  custom:container-demuxer-webm: 4f35f7cbe854078d1ac9338744f61a02 -> 
  custom:video-encoder-webm-vp8: eb34c28f22e8b96e1ab97ce403110664 -> 
  custom:audio-encoder-webm-vorbis: bf7c407c2cedff20999df2af8eb42d56 -> 
  custom:framework-win-MediaFoundation: 216162199b28c13a410421893ffa2e32 -> 
  custom:container-demuxer-ogg: 62fdf1f143b41e24485cea50d1cbac27 -> 
  custom:video-decoder-webm-vp8: 9c59270c3fd7afecdb556c50c9e8de78 -> 
  custom:audio-decoder-ogg-vorbis: bf7c407c2cedff20999df2af8eb42d56 -> 
========================================================================
Received Prepare
Registering precompiled user dll's ...
Registered in 0.011459 seconds.
Begin MonoManager ReloadAssembly
Symbol file LoadedFromMemory doesn't match image D:\Backup\Documentos\2024-1\Videojuegos 3d 2\Creators - Game\Library\PackageCache\com.unity.visualscripting@1.7.8\Editor\VisualScripting.Core\Dependencies\YamlDotNet\Unity.VisualScripting.YamlDotNet.dll
Symbol file LoadedFromMemory doesn't match image D:\Backup\Documentos\2024-1\Videojuegos 3d 2\Creators - Game\Library\PackageCache\com.unity.visualscripting@1.7.8\Editor\VisualScripting.Core\Dependencies\DotNetZip\Unity.VisualScripting.IonicZip.dll
Native extension for WindowsStandalone target not found
Native extension for WebGL target not found
Refreshing native plugins compatible for Editor in 1.89 ms, found 3 plugins.
Preloading 0 native plugins for Editor in 0.00 ms.
Mono: successfully reloaded assembly
- Completed reload, in  2.350 seconds
Domain Reload Profiling:
	ReloadAssembly (2352ms)
		BeginReloadAssembly (395ms)
			ExecutionOrderSort (0ms)
			DisableScriptedObjects (14ms)
			BackupInstance (0ms)
			ReleaseScriptingObjects (0ms)
			CreateAndSetChildDomain (110ms)
		EndReloadAssembly (1716ms)
			LoadAssemblies (278ms)
			RebuildTransferFunctionScriptingTraits (0ms)
			SetupTypeCache (609ms)
			ReleaseScriptCaches (2ms)
			RebuildScriptCaches (81ms)
			SetupLoadedEditorAssemblies (748ms)
				LogAssemblyErrors (0ms)
				InitializePlatformSupportModulesInManaged (29ms)
				SetLoadedEditorAssemblies (1ms)
				RefreshPlugins (2ms)
				BeforeProcessingInitializeOnLoad (140ms)
				ProcessInitializeOnLoadAttributes (496ms)
				ProcessInitializeOnLoadMethodAttributes (73ms)
				AfterProcessingInitializeOnLoad (7ms)
				EditorAssembliesLoaded (0ms)
			ExecutionOrderSort2 (0ms)
			AwakeInstancesAfterBackupRestoration (16ms)
Platform modules already initialized, skipping
Refreshing native plugins compatible for Editor in 5.75 ms, found 3 plugins.
Preloading 0 native plugins for Editor in 0.00 ms.
Unloading 3373 Unused Serialized files (Serialized files now loaded: 0)
Unloading 20 unused Assets / (78.2 KB). Loaded Objects now: 3899.
Memory consumption went from 145.3 MB to 145.2 MB.
Total: 7.888800 ms (FindLiveObjects: 0.627500 ms CreateObjectMapping: 0.133900 ms MarkObjects: 6.844100 ms  DeleteObjects: 0.280600 ms)

AssetImportParameters requested are different than current active one (requested -> active):
  custom:video-decoder-ogg-theora: a1e56fd34408186e4bbccfd4996cb3dc -> 
  custom:container-muxer-webm: aa71ff27fc2769a1b78a27578f13a17b -> 
  custom:container-demuxer-webm: 4f35f7cbe854078d1ac9338744f61a02 -> 
  custom:video-encoder-webm-vp8: eb34c28f22e8b96e1ab97ce403110664 -> 
  custom:audio-encoder-webm-vorbis: bf7c407c2cedff20999df2af8eb42d56 -> 
  custom:framework-win-MediaFoundation: 216162199b28c13a410421893ffa2e32 -> 
  custom:container-demuxer-ogg: 62fdf1f143b41e24485cea50d1cbac27 -> 
  custom:video-decoder-webm-vp8: 9c59270c3fd7afecdb556c50c9e8de78 -> 
  custom:audio-decoder-ogg-vorbis: bf7c407c2cedff20999df2af8eb42d56 -> 
========================================================================
Received Prepare
Registering precompiled user dll's ...
Registered in 0.013672 seconds.
Begin MonoManager ReloadAssembly
Symbol file LoadedFromMemory doesn't match image D:\Backup\Documentos\2024-1\Videojuegos 3d 2\Creators - Game\Library\PackageCache\com.unity.visualscripting@1.7.8\Editor\VisualScripting.Core\Dependencies\YamlDotNet\Unity.VisualScripting.YamlDotNet.dll
Symbol file LoadedFromMemory doesn't match image D:\Backup\Documentos\2024-1\Videojuegos 3d 2\Creators - Game\Library\PackageCache\com.unity.visualscripting@1.7.8\Editor\VisualScripting.Core\Dependencies\DotNetZip\Unity.VisualScripting.IonicZip.dll
Native extension for WindowsStandalone target not found
Native extension for WebGL target not found
Refreshing native plugins compatible for Editor in 1.68 ms, found 3 plugins.
Preloading 0 native plugins for Editor in 0.00 ms.
Mono: successfully reloaded assembly
- Completed reload, in  2.296 seconds
Domain Reload Profiling:
	ReloadAssembly (2298ms)
		BeginReloadAssembly (361ms)
			ExecutionOrderSort (0ms)
			DisableScriptedObjects (14ms)
			BackupInstance (0ms)
			ReleaseScriptingObjects (0ms)
			CreateAndSetChildDomain (95ms)
		EndReloadAssembly (1695ms)
			LoadAssemblies (276ms)
			RebuildTransferFunctionScriptingTraits (0ms)
			SetupTypeCache (639ms)
			ReleaseScriptCaches (3ms)
			RebuildScriptCaches (91ms)
			SetupLoadedEditorAssemblies (669ms)
				LogAssemblyErrors (0ms)
				InitializePlatformSupportModulesInManaged (29ms)
				SetLoadedEditorAssemblies (1ms)
				RefreshPlugins (2ms)
				BeforeProcessingInitializeOnLoad (133ms)
				ProcessInitializeOnLoadAttributes (435ms)
				ProcessInitializeOnLoadMethodAttributes (62ms)
				AfterProcessingInitializeOnLoad (7ms)
				EditorAssembliesLoaded (0ms)
			ExecutionOrderSort2 (0ms)
			AwakeInstancesAfterBackupRestoration (15ms)
Platform modules already initialized, skipping
Refreshing native plugins compatible for Editor in 4.72 ms, found 3 plugins.
Preloading 0 native plugins for Editor in 0.00 ms.
Unloading 3373 Unused Serialized files (Serialized files now loaded: 0)
Unloading 20 unused Assets / (78.2 KB). Loaded Objects now: 3902.
Memory consumption went from 145.3 MB to 145.2 MB.
Total: 7.086300 ms (FindLiveObjects: 0.521300 ms CreateObjectMapping: 0.212400 ms MarkObjects: 6.152100 ms  DeleteObjects: 0.198500 ms)

AssetImportParameters requested are different than current active one (requested -> active):
  custom:video-decoder-ogg-theora: a1e56fd34408186e4bbccfd4996cb3dc -> 
  custom:container-muxer-webm: aa71ff27fc2769a1b78a27578f13a17b -> 
  custom:container-demuxer-webm: 4f35f7cbe854078d1ac9338744f61a02 -> 
  custom:video-encoder-webm-vp8: eb34c28f22e8b96e1ab97ce403110664 -> 
  custom:audio-encoder-webm-vorbis: bf7c407c2cedff20999df2af8eb42d56 -> 
  custom:framework-win-MediaFoundation: 216162199b28c13a410421893ffa2e32 -> 
  custom:container-demuxer-ogg: 62fdf1f143b41e24485cea50d1cbac27 -> 
  custom:video-decoder-webm-vp8: 9c59270c3fd7afecdb556c50c9e8de78 -> 
  custom:audio-decoder-ogg-vorbis: bf7c407c2cedff20999df2af8eb42d56 -> 
========================================================================
Received Import Request.
  Time since last request: 3346.641983 seconds.
  path: Assets/Scenes/SampleScene.unity
  artifactKey: Guid(9fc0d4010bbf28b4594072e72b8655ab) Importer(2089858483,0ecaa5967403d082aa24f35e1b516d23)
Start importing Assets/Scenes/SampleScene.unity using Guid(9fc0d4010bbf28b4594072e72b8655ab) Importer(2089858483,0ecaa5967403d082aa24f35e1b516d23) Generated GUIDs only implemented for interfaces!
 -> (artifact id: '593f9d938f27faac1e491009f17d1d77') in 0.216425 seconds 
========================================================================
Received Import Request.
  Time since last request: 0.000072 seconds.
  path: Assets/DigitalKonstrukt/Prototyping_Pack_Free/Resources/Textures/Proto_512.png
  artifactKey: Guid(fd8d1dc362f2e464a8c6dd071b1abda9) Importer(2089858483,0ecaa5967403d082aa24f35e1b516d23)
Start importing Assets/DigitalKonstrukt/Prototyping_Pack_Free/Resources/Textures/Proto_512.png using Guid(fd8d1dc362f2e464a8c6dd071b1abda9) Importer(2089858483,0ecaa5967403d082aa24f35e1b516d23) Generated GUIDs only implemented for interfaces!
 -> (artifact id: 'f299d2f25447adb857df9ed9952d321c') in 0.195522 seconds 
========================================================================
Received Import Request.
  Time since last request: 0.000094 seconds.
  path: Assets/DigitalKonstrukt/Prototyping_Pack_Free/Resources/Meshes/Cubes/PTK_Cube_1.fbx
  artifactKey: Guid(144fafb731a4b4944b48596f3688afb4) Importer(2089858483,0ecaa5967403d082aa24f35e1b516d23)
Start importing Assets/DigitalKonstrukt/Prototyping_Pack_Free/Resources/Meshes/Cubes/PTK_Cube_1.fbx using Guid(144fafb731a4b4944b48596f3688afb4) Importer(2089858483,0ecaa5967403d082aa24f35e1b516d23) Generated GUIDs only implemented for interfaces!
 -> (artifact id: '8e4485e612e9a8d5c8bf439da52872b6') in 0.078870 seconds 
========================================================================
Received Import Request.
  Time since last request: 0.000111 seconds.
  path: Assets/DigitalKonstrukt/Prototyping_Pack_Free/Resources/Meshes/Walls/PTK_Wall_Large_4.fbx
  artifactKey: Guid(ba01ef4de544dab4fbb36a8b58f8c2cc) Importer(2089858483,0ecaa5967403d082aa24f35e1b516d23)
Start importing Assets/DigitalKonstrukt/Prototyping_Pack_Free/Resources/Meshes/Walls/PTK_Wall_Large_4.fbx using Guid(ba01ef4de544dab4fbb36a8b58f8c2cc) Importer(2089858483,0ecaa5967403d082aa24f35e1b516d23) Generated GUIDs only implemented for interfaces!
 -> (artifact id: '740830e7f6f5ce660392f425eef568bc') in 0.031729 seconds 
========================================================================
Received Import Request.
  Time since last request: 0.000055 seconds.
  path: Assets/DigitalKonstrukt/Prototyping_Pack_Free/Resources/Meshes/Doors/PTK_SlidingDoor_Large.fbx
  artifactKey: Guid(020706711b2808e45b30e4740a2fd408) Importer(2089858483,0ecaa5967403d082aa24f35e1b516d23)
Start importing Assets/DigitalKonstrukt/Prototyping_Pack_Free/Resources/Meshes/Doors/PTK_SlidingDoor_Large.fbx using Guid(020706711b2808e45b30e4740a2fd408) Importer(2089858483,0ecaa5967403d082aa24f35e1b516d23) Generated GUIDs only implemented for interfaces!
 -> (artifact id: '68478f98d55db3407f1c4b59870cce5c') in 0.047859 seconds 
========================================================================
Received Import Request.
  Time since last request: 0.000065 seconds.
  path: Assets/DigitalKonstrukt/Prototyping_Pack_Free/Resources/Meshes/Bridges/PTK_Bridge_Medium.fbx
  artifactKey: Guid(411748f0a2f7f8247b4777562f960ba5) Importer(2089858483,0ecaa5967403d082aa24f35e1b516d23)
Start importing Assets/DigitalKonstrukt/Prototyping_Pack_Free/Resources/Meshes/Bridges/PTK_Bridge_Medium.fbx using Guid(411748f0a2f7f8247b4777562f960ba5) Importer(2089858483,0ecaa5967403d082aa24f35e1b516d23) Generated GUIDs only implemented for interfaces!
 -> (artifact id: 'ebbca03a71ac8f1937596b913dbe97ab') in 0.035361 seconds 
========================================================================
Received Import Request.
  Time since last request: 0.000051 seconds.
  path: Assets/DigitalKonstrukt/Prototyping_Pack_Free/Resources/Meshes/Stairs/PTK_Stairs_Medium.fbx
  artifactKey: Guid(2ebe213ac045e234092df98cf47cabf4) Importer(2089858483,0ecaa5967403d082aa24f35e1b516d23)
Start importing Assets/DigitalKonstrukt/Prototyping_Pack_Free/Resources/Meshes/Stairs/PTK_Stairs_Medium.fbx using Guid(2ebe213ac045e234092df98cf47cabf4) Importer(2089858483,0ecaa5967403d082aa24f35e1b516d23) Generated GUIDs only implemented for interfaces!
 -> (artifact id: '44df4aa36e36964fa4b29f9589486125') in 0.034835 seconds 
========================================================================
Received Import Request.
  Time since last request: 0.000088 seconds.
  path: Assets/DigitalKonstrukt/Prototyping_Pack_Free/Resources/Meshes/Columns/PTK_Column_Edge_Large.fbx
  artifactKey: Guid(4e4be5c4ad583934a87e57fc64d729b9) Importer(2089858483,0ecaa5967403d082aa24f35e1b516d23)
Start importing Assets/DigitalKonstrukt/Prototyping_Pack_Free/Resources/Meshes/Columns/PTK_Column_Edge_Large.fbx using Guid(4e4be5c4ad583934a87e57fc64d729b9) Importer(2089858483,0ecaa5967403d082aa24f35e1b516d23) Generated GUIDs only implemented for interfaces!
 -> (artifact id: 'f0cbc3618088fcc721488381dac30417') in 0.034230 seconds 
========================================================================
Received Import Request.
  Time since last request: 0.000056 seconds.
  path: Assets/DigitalKonstrukt/Prototyping_Pack_Free/Resources/Meshes/Cuboids/PTK_Cuboid_4.fbx
  artifactKey: Guid(48659d35e5427af47b5652d31249ddc5) Importer(2089858483,0ecaa5967403d082aa24f35e1b516d23)
Start importing Assets/DigitalKonstrukt/Prototyping_Pack_Free/Resources/Meshes/Cuboids/PTK_Cuboid_4.fbx using Guid(48659d35e5427af47b5652d31249ddc5) Importer(2089858483,0ecaa5967403d082aa24f35e1b516d23) Generated GUIDs only implemented for interfaces!
 -> (artifact id: '8c10b83ee6ba15329cadf7a141f5f6f2') in 0.036984 seconds 
========================================================================
Received Import Request.
  Time since last request: 0.000067 seconds.
  path: Assets/DigitalKonstrukt/Prototyping_Pack_Free/Resources/Textures/proto_interaction3.png
  artifactKey: Guid(a01e8f6cbdbea3e4daec924917271957) Importer(2089858483,0ecaa5967403d082aa24f35e1b516d23)
Start importing Assets/DigitalKonstrukt/Prototyping_Pack_Free/Resources/Textures/proto_interaction3.png using Guid(a01e8f6cbdbea3e4daec924917271957) Importer(2089858483,0ecaa5967403d082aa24f35e1b516d23) Generated GUIDs only implemented for interfaces!
 -> (artifact id: 'bdbd602729e2c61b27dbdfd9d05c2a55') in 0.034688 seconds 
========================================================================
Received Import Request.
  Time since last request: 0.000056 seconds.
  path: Assets/DigitalKonstrukt/Prototyping_Pack_Free/Resources/Meshes/Cuboids/PTK_Cuboid_3.fbx
  artifactKey: Guid(63dfb7dd96b451f478689f88b0d0a655) Importer(2089858483,0ecaa5967403d082aa24f35e1b516d23)
Start importing Assets/DigitalKonstrukt/Prototyping_Pack_Free/Resources/Meshes/Cuboids/PTK_Cuboid_3.fbx using Guid(63dfb7dd96b451f478689f88b0d0a655) Importer(2089858483,0ecaa5967403d082aa24f35e1b516d23) Generated GUIDs only implemented for interfaces!
 -> (artifact id: '698be08f97d994d82262f6966ca46ae9') in 0.033030 seconds 
========================================================================
Received Import Request.
  Time since last request: 0.000050 seconds.
  path: Assets/_TerrainAutoUpgrade/layer_proto_35cf3da06f5211986.terrainlayer
  artifactKey: Guid(22f69f3cb32fc8943a8b698e355f58f8) Importer(2089858483,0ecaa5967403d082aa24f35e1b516d23)
Start importing Assets/_TerrainAutoUpgrade/layer_proto_35cf3da06f5211986.terrainlayer using Guid(22f69f3cb32fc8943a8b698e355f58f8) Importer(2089858483,0ecaa5967403d082aa24f35e1b516d23) Generated GUIDs only implemented for interfaces!
 -> (artifact id: '9ed3294ea557559e65d18b83372d0126') in 0.025917 seconds 
========================================================================
Received Import Request.
  Time since last request: 0.000098 seconds.
  path: Assets/DigitalKonstrukt/Prototyping_Pack_Free/Demo/New Terrain 1.asset
  artifactKey: Guid(100162f69dfa99f4a9114658ab5543df) Importer(2089858483,0ecaa5967403d082aa24f35e1b516d23)
Start importing Assets/DigitalKonstrukt/Prototyping_Pack_Free/Demo/New Terrain 1.asset using Guid(100162f69dfa99f4a9114658ab5543df) Importer(2089858483,0ecaa5967403d082aa24f35e1b516d23) Generated GUIDs only implemented for interfaces!
 -> (artifact id: '05b9448877f37411351beb68246730c0') in 0.045162 seconds 
========================================================================
Received Import Request.
  Time since last request: 0.000102 seconds.
  path: Assets/DigitalKonstrukt/Prototyping_Pack_Free/Resources/Materials/Prototyp_Material_15.mat
  artifactKey: Guid(dd594aa7b65105b4f830bddd556f66fa) Importer(2089858483,0ecaa5967403d082aa24f35e1b516d23)
Start importing Assets/DigitalKonstrukt/Prototyping_Pack_Free/Resources/Materials/Prototyp_Material_15.mat using Guid(dd594aa7b65105b4f830bddd556f66fa) Importer(2089858483,0ecaa5967403d082aa24f35e1b516d23) Generated GUIDs only implemented for interfaces!
 -> (artifact id: 'd4432d70dc2334e11ae11f46df30f4b9') in 0.065866 seconds 
========================================================================
Received Import Request.
  Time since last request: 0.000073 seconds.
  path: Assets/DigitalKonstrukt/Prototyping_Pack_Free/Resources/Prefabs/Columns/PTK_Column_Edge_Medium.prefab
  artifactKey: Guid(6f54d38fec5e41e4989c1967e0752c1c) Importer(2089858483,0ecaa5967403d082aa24f35e1b516d23)
Start importing Assets/DigitalKonstrukt/Prototyping_Pack_Free/Resources/Prefabs/Columns/PTK_Column_Edge_Medium.prefab using Guid(6f54d38fec5e41e4989c1967e0752c1c) Importer(2089858483,0ecaa5967403d082aa24f35e1b516d23) Generated GUIDs only implemented for interfaces!
 -> (artifact id: 'e9f4bccef004f2c7c061a8001c2c4bd1') in 0.020413 seconds 
========================================================================
Received Import Request.
  Time since last request: 0.000067 seconds.
  path: Assets/DigitalKonstrukt/Prototyping_Pack_Free/Resources/Prefabs/Collectables/PTK_Collectable_1_green.prefab
  artifactKey: Guid(17d2571d67fb94a47a33e65ff8c88d3c) Importer(2089858483,0ecaa5967403d082aa24f35e1b516d23)
Start importing Assets/DigitalKonstrukt/Prototyping_Pack_Free/Resources/Prefabs/Collectables/PTK_Collectable_1_green.prefab using Guid(17d2571d67fb94a47a33e65ff8c88d3c) Importer(2089858483,0ecaa5967403d082aa24f35e1b516d23) Generated GUIDs only implemented for interfaces!
 -> (artifact id: '1e8a3b62da9a4d0ffc3a9c203ad1eca0') in 0.018440 seconds 
========================================================================
Received Import Request.
  Time since last request: 0.000066 seconds.
  path: Assets/DigitalKonstrukt/Prototyping_Pack_Free/Demo/Demo_TexturesSettings.lighting
  artifactKey: Guid(59d63ed346323454fb1768f6d93bc9c8) Importer(2089858483,0ecaa5967403d082aa24f35e1b516d23)
Start importing Assets/DigitalKonstrukt/Prototyping_Pack_Free/Demo/Demo_TexturesSettings.lighting using Guid(59d63ed346323454fb1768f6d93bc9c8) Importer(2089858483,0ecaa5967403d082aa24f35e1b516d23) LightingSettings: switching bake backend from 1 to 0.
Generated GUIDs only implemented for interfaces!
 -> (artifact id: '190e5abff2438168b71bb04c4a6d3a2f') in 0.055025 seconds 
========================================================================
Received Import Request.
  Time since last request: 0.000066 seconds.
  path: Assets/DigitalKonstrukt/Prototyping_Pack_Free/Resources/Prefabs/Columns/PTK_Column_Medium.prefab
  artifactKey: Guid(fef78b03d45010a47bf4d11bd5dd5dea) Importer(2089858483,0ecaa5967403d082aa24f35e1b516d23)
Start importing Assets/DigitalKonstrukt/Prototyping_Pack_Free/Resources/Prefabs/Columns/PTK_Column_Medium.prefab using Guid(fef78b03d45010a47bf4d11bd5dd5dea) Importer(2089858483,0ecaa5967403d082aa24f35e1b516d23) Generated GUIDs only implemented for interfaces!
 -> (artifact id: '53a6df106f448b6188808ac6d208de3c') in 0.019755 seconds 
========================================================================
Received Import Request.
  Time since last request: 0.000094 seconds.
  path: Assets/DigitalKonstrukt/Prototyping_Pack_Free/Resources/Meshes/Doors/PTK_Door_Medium_2.fbx
  artifactKey: Guid(c3c9198b71a32264eabead9e0bc7098a) Importer(2089858483,0ecaa5967403d082aa24f35e1b516d23)
Start importing Assets/DigitalKonstrukt/Prototyping_Pack_Free/Resources/Meshes/Doors/PTK_Door_Medium_2.fbx using Guid(c3c9198b71a32264eabead9e0bc7098a) Importer(2089858483,0ecaa5967403d082aa24f35e1b516d23) Generated GUIDs only implemented for interfaces!
 -> (artifact id: '7abe8011aeb8f56d023aa7ca28b463c0') in 0.042401 seconds 
========================================================================
Received Import Request.
  Time since last request: 0.000079 seconds.
  path: Assets/DigitalKonstrukt/Prototyping_Pack_Free/Resources/Meshes/Walls/PTK_Wall_Small_3.fbx
  artifactKey: Guid(2a91aff05fc150c4ead23e2d74eae27f) Importer(2089858483,0ecaa5967403d082aa24f35e1b516d23)
Start importing Assets/DigitalKonstrukt/Prototyping_Pack_Free/Resources/Meshes/Walls/PTK_Wall_Small_3.fbx using Guid(2a91aff05fc150c4ead23e2d74eae27f) Importer(2089858483,0ecaa5967403d082aa24f35e1b516d23) Generated GUIDs only implemented for interfaces!
 -> (artifact id: 'c129846da4b39b5774469ce2b9b462d2') in 0.037463 seconds 
========================================================================
Received Import Request.
  Time since last request: 0.000062 seconds.
  path: Assets/DigitalKonstrukt/Prototyping_Pack_Free/Resources/Meshes/Walls/PTK_Wall_Large_1.fbx
  artifactKey: Guid(6f708d2b47bfe2a4ba1fcc6f29b8e5a0) Importer(2089858483,0ecaa5967403d082aa24f35e1b516d23)
Start importing Assets/DigitalKonstrukt/Prototyping_Pack_Free/Resources/Meshes/Walls/PTK_Wall_Large_1.fbx using Guid(6f708d2b47bfe2a4ba1fcc6f29b8e5a0) Importer(2089858483,0ecaa5967403d082aa24f35e1b516d23) Generated GUIDs only implemented for interfaces!
 -> (artifact id: '1d0a991b03da5336261da3614b05531d') in 0.034739 seconds 
========================================================================
Received Import Request.
  Time since last request: 0.000053 seconds.
  path: Assets/Scripts/PlayerController.cs
  artifactKey: Guid(d70df667bc75fd047b3bedb195d050b9) Importer(2089858483,0ecaa5967403d082aa24f35e1b516d23)
Start importing Assets/Scripts/PlayerController.cs using Guid(d70df667bc75fd047b3bedb195d050b9) Importer(2089858483,0ecaa5967403d082aa24f35e1b516d23) Generated GUIDs only implemented for interfaces!
 -> (artifact id: '67e6158f23cd7b37e0833d23479f2fcf') in 0.022048 seconds 
========================================================================
Received Import Request.
  Time since last request: 0.000056 seconds.
  path: Assets/DigitalKonstrukt/Prototyping_Pack_Free/Resources/Meshes/Stairs/PTK_Stairs_Small.fbx
  artifactKey: Guid(08258afcf0b38f34a93780d9aac149f8) Importer(2089858483,0ecaa5967403d082aa24f35e1b516d23)
Start importing Assets/DigitalKonstrukt/Prototyping_Pack_Free/Resources/Meshes/Stairs/PTK_Stairs_Small.fbx using Guid(08258afcf0b38f34a93780d9aac149f8) Importer(2089858483,0ecaa5967403d082aa24f35e1b516d23) Generated GUIDs only implemented for interfaces!
 -> (artifact id: '9ea0e5cc728d1a9d16b21a587aa3ee84') in 0.035710 seconds 
========================================================================
Received Import Request.
  Time since last request: 0.000086 seconds.
  path: Assets/DigitalKonstrukt/Prototyping_Pack_Free/Resources/Meshes/PointsOfInterest/PTK_Exclamation.fbx
  artifactKey: Guid(410f5ba8d57703d46b29bbad24c89cd4) Importer(2089858483,0ecaa5967403d082aa24f35e1b516d23)
Start importing Assets/DigitalKonstrukt/Prototyping_Pack_Free/Resources/Meshes/PointsOfInterest/PTK_Exclamation.fbx using Guid(410f5ba8d57703d46b29bbad24c89cd4) Importer(2089858483,0ecaa5967403d082aa24f35e1b516d23) Generated GUIDs only implemented for interfaces!
 -> (artifact id: 'b50af0782d8bb4a5d1a2ba42c5ffe364') in 0.035315 seconds 
========================================================================
Received Import Request.
  Time since last request: 0.000077 seconds.
  path: Assets/DigitalKonstrukt/Prototyping_Pack_Free/Resources/Meshes/Walls/PTK_Wall_Large_5.fbx
  artifactKey: Guid(04eaee6e6b125a64bbbd19dff62f8afd) Importer(2089858483,0ecaa5967403d082aa24f35e1b516d23)
Start importing Assets/DigitalKonstrukt/Prototyping_Pack_Free/Resources/Meshes/Walls/PTK_Wall_Large_5.fbx using Guid(04eaee6e6b125a64bbbd19dff62f8afd) Importer(2089858483,0ecaa5967403d082aa24f35e1b516d23) Generated GUIDs only implemented for interfaces!
 -> (artifact id: '9d74ff4dcff9c923a4b5d45afa2d04ec') in 0.033007 seconds 
========================================================================
Received Import Request.
  Time since last request: 0.000093 seconds.
  path: Assets/DigitalKonstrukt/Prototyping_Pack_Free/Resources/Prefabs/Elevators/PTK_Elevator_3Floors.prefab
  artifactKey: Guid(c6781f5951b5b85429a73e8bf7f7ec2a) Importer(2089858483,0ecaa5967403d082aa24f35e1b516d23)
Start importing Assets/DigitalKonstrukt/Prototyping_Pack_Free/Resources/Prefabs/Elevators/PTK_Elevator_3Floors.prefab using Guid(c6781f5951b5b85429a73e8bf7f7ec2a) Importer(2089858483,0ecaa5967403d082aa24f35e1b516d23) Generated GUIDs only implemented for interfaces!
 -> (artifact id: 'f1cbaded61131362532811b2fc6775db') in 0.027752 seconds 
========================================================================
Received Import Request.
  Time since last request: 0.000078 seconds.
  path: Assets/DigitalKonstrukt/Prototyping_Pack_Free/Resources/Prefabs/Ladders/PTK_Ladder_Medium.prefab
  artifactKey: Guid(358d9637e06e9d6468f0e57b8265bc5a) Importer(2089858483,0ecaa5967403d082aa24f35e1b516d23)
Start importing Assets/DigitalKonstrukt/Prototyping_Pack_Free/Resources/Prefabs/Ladders/PTK_Ladder_Medium.prefab using Guid(358d9637e06e9d6468f0e57b8265bc5a) Importer(2089858483,0ecaa5967403d082aa24f35e1b516d23) Generated GUIDs only implemented for interfaces!
 -> (artifact id: '9767b2325d9fd4a18625fbe15db0804b') in 0.019861 seconds 
========================================================================
Received Import Request.
  Time since last request: 0.000085 seconds.
  path: Assets/DigitalKonstrukt/Prototyping_Pack_Free/Resources/Prefabs/Cubes/PTK_Cube_2.prefab
  artifactKey: Guid(886758c00f5412747bef0c21f6f30418) Importer(2089858483,0ecaa5967403d082aa24f35e1b516d23)
Start importing Assets/DigitalKonstrukt/Prototyping_Pack_Free/Resources/Prefabs/Cubes/PTK_Cube_2.prefab using Guid(886758c00f5412747bef0c21f6f30418) Importer(2089858483,0ecaa5967403d082aa24f35e1b516d23) Generated GUIDs only implemented for interfaces!
 -> (artifact id: '1c9b7cdfec248e9ea11bf1d42b178b40') in 0.017813 seconds 
========================================================================
Received Import Request.
  Time since last request: 0.000067 seconds.
  path: Assets/DigitalKonstrukt/Prototyping_Pack_Free/Resources/Prefabs/Doors/PTK_SlidingDoor_Medium.prefab
  artifactKey: Guid(ac779bc565776984f9a36525fed5d192) Importer(2089858483,0ecaa5967403d082aa24f35e1b516d23)
Start importing Assets/DigitalKonstrukt/Prototyping_Pack_Free/Resources/Prefabs/Doors/PTK_SlidingDoor_Medium.prefab using Guid(ac779bc565776984f9a36525fed5d192) Importer(2089858483,0ecaa5967403d082aa24f35e1b516d23) Generated GUIDs only implemented for interfaces!
 -> (artifact id: '4c190065a6912ffa944492822e91821e') in 0.017776 seconds 
========================================================================
Received Import Request.
  Time since last request: 0.000074 seconds.
  path: Assets/DigitalKonstrukt/Prototyping_Pack_Free/Resources/Prefabs/Elevators/PTK_Elevator_2Floors.prefab
  artifactKey: Guid(e1eee625a99d1c547b6557fb3c05765f) Importer(2089858483,0ecaa5967403d082aa24f35e1b516d23)
Start importing Assets/DigitalKonstrukt/Prototyping_Pack_Free/Resources/Prefabs/Elevators/PTK_Elevator_2Floors.prefab using Guid(e1eee625a99d1c547b6557fb3c05765f) Importer(2089858483,0ecaa5967403d082aa24f35e1b516d23) Generated GUIDs only implemented for interfaces!
 -> (artifact id: '6404f11f43dfe1f5f4fac4050d5ff524') in 0.021182 seconds 
========================================================================
Received Import Request.
  Time since last request: 0.000072 seconds.
  path: Assets/DigitalKonstrukt/Prototyping_Pack_Free/Resources/Prefabs/Ladders/PTK_Ladder_Large.prefab
  artifactKey: Guid(6ee0bd1490e6fb2419babfdc9edf1855) Importer(2089858483,0ecaa5967403d082aa24f35e1b516d23)
Start importing Assets/DigitalKonstrukt/Prototyping_Pack_Free/Resources/Prefabs/Ladders/PTK_Ladder_Large.prefab using Guid(6ee0bd1490e6fb2419babfdc9edf1855) Importer(2089858483,0ecaa5967403d082aa24f35e1b516d23) Generated GUIDs only implemented for interfaces!
 -> (artifact id: '73df2984ad2951e1719d5077f39048b2') in 0.016756 seconds 
========================================================================
Received Import Request.
  Time since last request: 0.000102 seconds.
  path: Assets/DigitalKonstrukt/Prototyping_Pack_Free/Resources/Prefabs/Doors/PTK_Tunnel_Small.prefab
  artifactKey: Guid(2cb7661b98271204dbf90e6d93c1b70b) Importer(2089858483,0ecaa5967403d082aa24f35e1b516d23)
Start importing Assets/DigitalKonstrukt/Prototyping_Pack_Free/Resources/Prefabs/Doors/PTK_Tunnel_Small.prefab using Guid(2cb7661b98271204dbf90e6d93c1b70b) Importer(2089858483,0ecaa5967403d082aa24f35e1b516d23) Generated GUIDs only implemented for interfaces!
 -> (artifact id: '362bbc85687bced5426788ef5465faf6') in 0.020160 seconds 
========================================================================
Received Import Request.
  Time since last request: 0.000050 seconds.
  path: Assets/DigitalKonstrukt/Prototyping_Pack_Free/Resources/Materials/Prototyp_Material_5.mat
  artifactKey: Guid(08ae2008da04f244694203a3d1bc1c69) Importer(2089858483,0ecaa5967403d082aa24f35e1b516d23)
Start importing Assets/DigitalKonstrukt/Prototyping_Pack_Free/Resources/Materials/Prototyp_Material_5.mat using Guid(08ae2008da04f244694203a3d1bc1c69) Importer(2089858483,0ecaa5967403d082aa24f35e1b516d23) Generated GUIDs only implemented for interfaces!
 -> (artifact id: 'bb31357ae6193d62eda9fb33d643dfc1') in 0.019347 seconds 
========================================================================
Received Import Request.
  Time since last request: 0.000059 seconds.
  path: Assets/DigitalKonstrukt/Prototyping_Pack_Free/Resources/Prefabs/Collectables/PTK_Collectable_1_red.prefab
  artifactKey: Guid(70e177edaef3e0c4e8b3eb1bdc204afc) Importer(2089858483,0ecaa5967403d082aa24f35e1b516d23)
Start importing Assets/DigitalKonstrukt/Prototyping_Pack_Free/Resources/Prefabs/Collectables/PTK_Collectable_1_red.prefab using Guid(70e177edaef3e0c4e8b3eb1bdc204afc) Importer(2089858483,0ecaa5967403d082aa24f35e1b516d23) Generated GUIDs only implemented for interfaces!
 -> (artifact id: '1fd8001126db1fd51cabde0caaa709dc') in 0.017630 seconds 
========================================================================
Received Import Request.
  Time since last request: 0.000068 seconds.
  path: Assets/DigitalKonstrukt/Prototyping_Pack_Free/Resources/Prefabs/Bridges/PTK_Bridge_Small.prefab
  artifactKey: Guid(3a06599b558a48449b83202f7d654300) Importer(2089858483,0ecaa5967403d082aa24f35e1b516d23)
Start importing Assets/DigitalKonstrukt/Prototyping_Pack_Free/Resources/Prefabs/Bridges/PTK_Bridge_Small.prefab using Guid(3a06599b558a48449b83202f7d654300) Importer(2089858483,0ecaa5967403d082aa24f35e1b516d23) Generated GUIDs only implemented for interfaces!
 -> (artifact id: 'df25ff3711c7373bc5035ae6996d43ea') in 0.019682 seconds 
========================================================================
Received Import Request.
  Time since last request: 0.000064 seconds.
  path: Assets/DigitalKonstrukt/Prototyping_Pack_Free/Resources/Textures/Proto_2_1024.png
  artifactKey: Guid(b934295811de5ee40be9049419db3e4c) Importer(2089858483,0ecaa5967403d082aa24f35e1b516d23)
Start importing Assets/DigitalKonstrukt/Prototyping_Pack_Free/Resources/Textures/Proto_2_1024.png using Guid(b934295811de5ee40be9049419db3e4c) Importer(2089858483,0ecaa5967403d082aa24f35e1b516d23) Generated GUIDs only implemented for interfaces!
 -> (artifact id: 'bdddcb783b101d975dbe5512bacfa66d') in 0.032998 seconds 
========================================================================
Received Import Request.
  Time since last request: 0.000062 seconds.
  path: Assets/DigitalKonstrukt/Prototyping_Pack_Free/Resources/Meshes/Bridges/PTK_Bridge_Large.fbx
  artifactKey: Guid(322afac8caa1edd40b802f584390dc2d) Importer(2089858483,0ecaa5967403d082aa24f35e1b516d23)
Start importing Assets/DigitalKonstrukt/Prototyping_Pack_Free/Resources/Meshes/Bridges/PTK_Bridge_Large.fbx using Guid(322afac8caa1edd40b802f584390dc2d) Importer(2089858483,0ecaa5967403d082aa24f35e1b516d23) Generated GUIDs only implemented for interfaces!
 -> (artifact id: '3e86f395dcc0b65f9b04a1032631f066') in 0.039275 seconds 
========================================================================
Received Import Request.
  Time since last request: 0.000062 seconds.
  path: Assets/DigitalKonstrukt/Prototyping_Pack_Free/Resources/Materials/Prototyp_Material_14.mat
  artifactKey: Guid(4f47b69c96e3e06438c10c907f7d4f98) Importer(2089858483,0ecaa5967403d082aa24f35e1b516d23)
Start importing Assets/DigitalKonstrukt/Prototyping_Pack_Free/Resources/Materials/Prototyp_Material_14.mat using Guid(4f47b69c96e3e06438c10c907f7d4f98) Importer(2089858483,0ecaa5967403d082aa24f35e1b516d23) Generated GUIDs only implemented for interfaces!
 -> (artifact id: 'e08b11a3a5ca4246836b9d2722cc215e') in 0.014980 seconds 
========================================================================
Received Import Request.
  Time since last request: 0.000088 seconds.
  path: Assets/DigitalKonstrukt/Prototyping_Pack_Free/Resources/Materials/Prototyp_Material_9.mat
  artifactKey: Guid(698621012f4317746bf1b79896b709b6) Importer(2089858483,0ecaa5967403d082aa24f35e1b516d23)
Start importing Assets/DigitalKonstrukt/Prototyping_Pack_Free/Resources/Materials/Prototyp_Material_9.mat using Guid(698621012f4317746bf1b79896b709b6) Importer(2089858483,0ecaa5967403d082aa24f35e1b516d23) Generated GUIDs only implemented for interfaces!
 -> (artifact id: '5301a58616bdba62d048689b872c6754') in 0.022300 seconds 
========================================================================
Received Import Request.
  Time since last request: 0.000070 seconds.
  path: Assets/DigitalKonstrukt/Prototyping_Pack_Free/Resources/Meshes/Bridges/PTK_Bridge_Small.fbx
  artifactKey: Guid(59cf13e76e0892d44bb7dd88dbe456fc) Importer(2089858483,0ecaa5967403d082aa24f35e1b516d23)
Start importing Assets/DigitalKonstrukt/Prototyping_Pack_Free/Resources/Meshes/Bridges/PTK_Bridge_Small.fbx using Guid(59cf13e76e0892d44bb7dd88dbe456fc) Importer(2089858483,0ecaa5967403d082aa24f35e1b516d23) Generated GUIDs only implemented for interfaces!
 -> (artifact id: '47a12a1f6509c2b6ceb8520a88433c53') in 0.031116 seconds 
========================================================================
Received Import Request.
  Time since last request: 0.000060 seconds.
  path: Assets/DigitalKonstrukt/Prototyping_Pack_Free/Resources/Prefabs/PointsOfInterest/PTK_ActionField_2.prefab
  artifactKey: Guid(6564934bbf7006f4e9d69d76dcd1afdc) Importer(2089858483,0ecaa5967403d082aa24f35e1b516d23)
Start importing Assets/DigitalKonstrukt/Prototyping_Pack_Free/Resources/Prefabs/PointsOfInterest/PTK_ActionField_2.prefab using Guid(6564934bbf7006f4e9d69d76dcd1afdc) Importer(2089858483,0ecaa5967403d082aa24f35e1b516d23) Generated GUIDs only implemented for interfaces!
 -> (artifact id: 'b0444283346726bd369b8b8ada6bc4bc') in 0.019295 seconds 
========================================================================
Received Import Request.
  Time since last request: 0.000066 seconds.
  path: Assets/DigitalKonstrukt/Prototyping_Pack_Free/Resources/Prefabs/Walls/PTK_Wall_Large_4.prefab
  artifactKey: Guid(209728b25a1dee7498573de68103a125) Importer(2089858483,0ecaa5967403d082aa24f35e1b516d23)
Start importing Assets/DigitalKonstrukt/Prototyping_Pack_Free/Resources/Prefabs/Walls/PTK_Wall_Large_4.prefab using Guid(209728b25a1dee7498573de68103a125) Importer(2089858483,0ecaa5967403d082aa24f35e1b516d23) Generated GUIDs only implemented for interfaces!
 -> (artifact id: 'cd3b0be6b6475643657ee29d0dd5417e') in 0.017723 seconds 
========================================================================
Received Import Request.
  Time since last request: 0.000076 seconds.
  path: Assets/DigitalKonstrukt/Prototyping_Pack_Free/Resources/Prefabs/Walls/PTK_Wall_Medium_1.prefab
  artifactKey: Guid(f22c6b28664f53d45a7182c78eb84eba) Importer(2089858483,0ecaa5967403d082aa24f35e1b516d23)
Start importing Assets/DigitalKonstrukt/Prototyping_Pack_Free/Resources/Prefabs/Walls/PTK_Wall_Medium_1.prefab using Guid(f22c6b28664f53d45a7182c78eb84eba) Importer(2089858483,0ecaa5967403d082aa24f35e1b516d23) Generated GUIDs only implemented for interfaces!
 -> (artifact id: 'd3aa9fff1c53c7420fe1706d4684bebf') in 0.017254 seconds 
========================================================================
Received Import Request.
  Time since last request: 0.000098 seconds.
  path: Assets/DigitalKonstrukt/Prototyping_Pack_Free/Resources/Prefabs/Walls/PTK_Wall_Medium_3.prefab
  artifactKey: Guid(1aa78b0c78b0a3f4a9fb02a89d9befd3) Importer(2089858483,0ecaa5967403d082aa24f35e1b516d23)
Start importing Assets/DigitalKonstrukt/Prototyping_Pack_Free/Resources/Prefabs/Walls/PTK_Wall_Medium_3.prefab using Guid(1aa78b0c78b0a3f4a9fb02a89d9befd3) Importer(2089858483,0ecaa5967403d082aa24f35e1b516d23) Generated GUIDs only implemented for interfaces!
 -> (artifact id: '2e485e7633d102e3faa009734b60b9a2') in 0.021076 seconds 
========================================================================
Received Import Request.
  Time since last request: 0.000118 seconds.
  path: Assets/DigitalKonstrukt/Prototyping_Pack_Free/Resources/Prefabs/Walls/PTK_Wall_Large_5.prefab
  artifactKey: Guid(c21252cbe01eccd4a967b728d0b09f5a) Importer(2089858483,0ecaa5967403d082aa24f35e1b516d23)
Start importing Assets/DigitalKonstrukt/Prototyping_Pack_Free/Resources/Prefabs/Walls/PTK_Wall_Large_5.prefab using Guid(c21252cbe01eccd4a967b728d0b09f5a) Importer(2089858483,0ecaa5967403d082aa24f35e1b516d23) Generated GUIDs only implemented for interfaces!
 -> (artifact id: 'bc52419bc47895fac04f44f565a827fb') in 0.018835 seconds 
========================================================================
Received Import Request.
  Time since last request: 0.000089 seconds.
  path: Assets/DigitalKonstrukt/Prototyping_Pack_Free/Resources/Prefabs/Walls/PTK_Wall_Small_5.prefab
  artifactKey: Guid(3e14265d9e8070c41b0dfd34823b9296) Importer(2089858483,0ecaa5967403d082aa24f35e1b516d23)
Start importing Assets/DigitalKonstrukt/Prototyping_Pack_Free/Resources/Prefabs/Walls/PTK_Wall_Small_5.prefab using Guid(3e14265d9e8070c41b0dfd34823b9296) Importer(2089858483,0ecaa5967403d082aa24f35e1b516d23) Generated GUIDs only implemented for interfaces!
 -> (artifact id: '9bb9affe9ff010289d20cada50f31e71') in 0.018755 seconds 
========================================================================
Received Import Request.
  Time since last request: 0.000087 seconds.
  path: Assets/DigitalKonstrukt/Prototyping_Pack_Free/Resources/Prefabs/Walls/PTK_Wall_Small_2.prefab
  artifactKey: Guid(f30311a07dfed684a81dea417623c73c) Importer(2089858483,0ecaa5967403d082aa24f35e1b516d23)
Start importing Assets/DigitalKonstrukt/Prototyping_Pack_Free/Resources/Prefabs/Walls/PTK_Wall_Small_2.prefab using Guid(f30311a07dfed684a81dea417623c73c) Importer(2089858483,0ecaa5967403d082aa24f35e1b516d23) Generated GUIDs only implemented for interfaces!
 -> (artifact id: 'f0d7622e90ee8438d493d3b48ba818f5') in 0.016792 seconds 
========================================================================
Received Import Request.
  Time since last request: 0.000068 seconds.
  path: Assets/DigitalKonstrukt/Prototyping_Pack_Free/Resources/Prefabs/PointsOfInterest/PTK_ActionField_4.prefab
  artifactKey: Guid(572f193c86d3dae41aa849afe3046580) Importer(2089858483,0ecaa5967403d082aa24f35e1b516d23)
Start importing Assets/DigitalKonstrukt/Prototyping_Pack_Free/Resources/Prefabs/PointsOfInterest/PTK_ActionField_4.prefab using Guid(572f193c86d3dae41aa849afe3046580) Importer(2089858483,0ecaa5967403d082aa24f35e1b516d23) Generated GUIDs only implemented for interfaces!
 -> (artifact id: '729b41338b23308ce7bc2f1191529213') in 0.018840 seconds 
========================================================================
Received Import Request.
  Time since last request: 0.000073 seconds.
  path: Assets/DigitalKonstrukt/Prototyping_Pack_Free/Resources/Materials/Prototyp_Material_2.mat
  artifactKey: Guid(f36bc83af7f442f4bb065c8dff3dda31) Importer(2089858483,0ecaa5967403d082aa24f35e1b516d23)
Start importing Assets/DigitalKonstrukt/Prototyping_Pack_Free/Resources/Materials/Prototyp_Material_2.mat using Guid(f36bc83af7f442f4bb065c8dff3dda31) Importer(2089858483,0ecaa5967403d082aa24f35e1b516d23) Generated GUIDs only implemented for interfaces!
 -> (artifact id: '28893caaaf993c6e4ae3711529b45726') in 0.017644 seconds 
========================================================================
Received Import Request.
  Time since last request: 0.000073 seconds.
  path: Assets/DigitalKonstrukt/Prototyping_Pack_Free/Resources/Meshes/Walls/PTK_Wall_Large_2.fbx
  artifactKey: Guid(e48618fbdec2537478b522aba0afb4ab) Importer(2089858483,0ecaa5967403d082aa24f35e1b516d23)
Start importing Assets/DigitalKonstrukt/Prototyping_Pack_Free/Resources/Meshes/Walls/PTK_Wall_Large_2.fbx using Guid(e48618fbdec2537478b522aba0afb4ab) Importer(2089858483,0ecaa5967403d082aa24f35e1b516d23) Generated GUIDs only implemented for interfaces!
 -> (artifact id: '5524869c2a5eb53a803c4d64299d456f') in 0.028146 seconds 
========================================================================
Received Import Request.
  Time since last request: 0.000074 seconds.
  path: Assets/DigitalKonstrukt/Prototyping_Pack_Free/Resources/Meshes/Walls/PTK_Wall_Medium_5.fbx
  artifactKey: Guid(5e97430da0fcae442af8cdb8fe92482b) Importer(2089858483,0ecaa5967403d082aa24f35e1b516d23)
Start importing Assets/DigitalKonstrukt/Prototyping_Pack_Free/Resources/Meshes/Walls/PTK_Wall_Medium_5.fbx using Guid(5e97430da0fcae442af8cdb8fe92482b) Importer(2089858483,0ecaa5967403d082aa24f35e1b516d23) Generated GUIDs only implemented for interfaces!
 -> (artifact id: '9cbd07ef040945f73190c773125135fb') in 0.040200 seconds 
========================================================================
Received Import Request.
  Time since last request: 0.000084 seconds.
  path: Assets/DigitalKonstrukt/Prototyping_Pack_Free/Resources/Meshes/Walls/PTK_Wall_Medium_1.fbx
  artifactKey: Guid(2183062a1aaf38d45bee331d654faa96) Importer(2089858483,0ecaa5967403d082aa24f35e1b516d23)
Start importing Assets/DigitalKonstrukt/Prototyping_Pack_Free/Resources/Meshes/Walls/PTK_Wall_Medium_1.fbx using Guid(2183062a1aaf38d45bee331d654faa96) Importer(2089858483,0ecaa5967403d082aa24f35e1b516d23) Generated GUIDs only implemented for interfaces!
 -> (artifact id: '84277c7035c13a80f62b539c743a2377') in 0.034865 seconds 
========================================================================
Received Import Request.
  Time since last request: 0.000118 seconds.
  path: Assets/DigitalKonstrukt/Prototyping_Pack_Free/Resources/Meshes/Collectables/PTK_Collectable_2.fbx
  artifactKey: Guid(7db42757b9c1bab409898528713982e0) Importer(2089858483,0ecaa5967403d082aa24f35e1b516d23)
Start importing Assets/DigitalKonstrukt/Prototyping_Pack_Free/Resources/Meshes/Collectables/PTK_Collectable_2.fbx using Guid(7db42757b9c1bab409898528713982e0) Importer(2089858483,0ecaa5967403d082aa24f35e1b516d23) Generated GUIDs only implemented for interfaces!
 -> (artifact id: 'c72ed26076bd38b6249b99e18a8df68d') in 0.036360 seconds 
========================================================================
Received Import Request.
  Time since last request: 0.000094 seconds.
  path: Assets/DigitalKonstrukt/Prototyping_Pack_Free/Resources/Prefabs/PointsOfInterest/PTK_ActionField_3.prefab
  artifactKey: Guid(793191320643bf5449da2797043569ca) Importer(2089858483,0ecaa5967403d082aa24f35e1b516d23)
Start importing Assets/DigitalKonstrukt/Prototyping_Pack_Free/Resources/Prefabs/PointsOfInterest/PTK_ActionField_3.prefab using Guid(793191320643bf5449da2797043569ca) Importer(2089858483,0ecaa5967403d082aa24f35e1b516d23) Generated GUIDs only implemented for interfaces!
 -> (artifact id: '20d13a54fc1d32b920e361fe0defbeae') in 0.017733 seconds 
========================================================================
Received Import Request.
  Time since last request: 0.000093 seconds.
  path: Assets/DigitalKonstrukt/Prototyping_Pack_Free/Resources/Prefabs/Columns/PTK_Column_Edge_Large.prefab
  artifactKey: Guid(83f5d0749a6f6724fa31905af7db0670) Importer(2089858483,0ecaa5967403d082aa24f35e1b516d23)
Start importing Assets/DigitalKonstrukt/Prototyping_Pack_Free/Resources/Prefabs/Columns/PTK_Column_Edge_Large.prefab using Guid(83f5d0749a6f6724fa31905af7db0670) Importer(2089858483,0ecaa5967403d082aa24f35e1b516d23) Generated GUIDs only implemented for interfaces!
 -> (artifact id: '109fc590abd8d4a16da34907ed9ac7ec') in 0.017746 seconds 
========================================================================
Received Import Request.
  Time since last request: 0.000074 seconds.
  path: Assets/DigitalKonstrukt/Prototyping_Pack_Free/Resources/Meshes/Walls/PTK_Wall_Medium_4.fbx
  artifactKey: Guid(6409fb7750997fc40b41f3507c72d578) Importer(2089858483,0ecaa5967403d082aa24f35e1b516d23)
Start importing Assets/DigitalKonstrukt/Prototyping_Pack_Free/Resources/Meshes/Walls/PTK_Wall_Medium_4.fbx using Guid(6409fb7750997fc40b41f3507c72d578) Importer(2089858483,0ecaa5967403d082aa24f35e1b516d23) Generated GUIDs only implemented for interfaces!
 -> (artifact id: 'cc2d7f5090f988e197c69485570ee787') in 0.035682 seconds 
========================================================================
Received Import Request.
  Time since last request: 0.000071 seconds.
  path: Assets/Animations/Player/Y Bot@Running.fbx
  artifactKey: Guid(32c661014223e054d878fcf066e17e00) Importer(2089858483,0ecaa5967403d082aa24f35e1b516d23)
Start importing Assets/Animations/Player/Y Bot@Running.fbx using Guid(32c661014223e054d878fcf066e17e00) Importer(2089858483,0ecaa5967403d082aa24f35e1b516d23) Generated GUIDs only implemented for interfaces!
 -> (artifact id: '50a1a45e0d908e086c2c505b06131429') in 0.090549 seconds 
========================================================================
Received Import Request.
  Time since last request: 0.000062 seconds.
  path: Assets/DigitalKonstrukt/Prototyping_Pack_Free/Resources/Textures/proto_interaction4.png
  artifactKey: Guid(7be423dc835515145a8a12b2064c96e7) Importer(2089858483,0ecaa5967403d082aa24f35e1b516d23)
Start importing Assets/DigitalKonstrukt/Prototyping_Pack_Free/Resources/Textures/proto_interaction4.png using Guid(7be423dc835515145a8a12b2064c96e7) Importer(2089858483,0ecaa5967403d082aa24f35e1b516d23) Generated GUIDs only implemented for interfaces!
 -> (artifact id: 'c13c22d95a18c06ff3881cabec6b6101') in 0.030416 seconds 
========================================================================
Received Import Request.
  Time since last request: 0.000063 seconds.
  path: Assets/DigitalKonstrukt/Prototyping_Pack_Free/Resources/Meshes/Walls/PTK_Wall_Medium_3.fbx
  artifactKey: Guid(890ff1a3dcaf00d43ae8d85b005c92d0) Importer(2089858483,0ecaa5967403d082aa24f35e1b516d23)
Start importing Assets/DigitalKonstrukt/Prototyping_Pack_Free/Resources/Meshes/Walls/PTK_Wall_Medium_3.fbx using Guid(890ff1a3dcaf00d43ae8d85b005c92d0) Importer(2089858483,0ecaa5967403d082aa24f35e1b516d23) Generated GUIDs only implemented for interfaces!
 -> (artifact id: '68f79c505971aa5484614a3f7657a34e') in 0.036352 seconds 
========================================================================
Received Import Request.
  Time since last request: 0.000049 seconds.
  path: Assets/DigitalKonstrukt/Prototyping_Pack_Free/Resources/Meshes/Doors/PTK_Tunnel_Large.fbx
  artifactKey: Guid(2113dea347164f748b9c48514e713cee) Importer(2089858483,0ecaa5967403d082aa24f35e1b516d23)
Start importing Assets/DigitalKonstrukt/Prototyping_Pack_Free/Resources/Meshes/Doors/PTK_Tunnel_Large.fbx using Guid(2113dea347164f748b9c48514e713cee) Importer(2089858483,0ecaa5967403d082aa24f35e1b516d23) Generated GUIDs only implemented for interfaces!
 -> (artifact id: 'b6aac8ad00d8381e95b4e786db7680d0') in 0.033524 seconds 
========================================================================
Received Import Request.
  Time since last request: 0.000061 seconds.
  path: Assets/DigitalKonstrukt/Prototyping_Pack_Free/Resources/Prefabs/Walls/PTK_Wall_Large_3.prefab
  artifactKey: Guid(a1cac729332a2ab4da9eddbafe267558) Importer(2089858483,0ecaa5967403d082aa24f35e1b516d23)
Start importing Assets/DigitalKonstrukt/Prototyping_Pack_Free/Resources/Prefabs/Walls/PTK_Wall_Large_3.prefab using Guid(a1cac729332a2ab4da9eddbafe267558) Importer(2089858483,0ecaa5967403d082aa24f35e1b516d23) Generated GUIDs only implemented for interfaces!
 -> (artifact id: '28fb54b2318c434ff9133d3c450a2344') in 0.020781 seconds 
========================================================================
Received Import Request.
  Time since last request: 0.000059 seconds.
  path: Assets/DigitalKonstrukt/Prototyping_Pack_Free/Resources/Meshes/Walls/PTK_Wall_Large_3.fbx
  artifactKey: Guid(b16e8e17b62c03544ae1e1146d07e728) Importer(2089858483,0ecaa5967403d082aa24f35e1b516d23)
Start importing Assets/DigitalKonstrukt/Prototyping_Pack_Free/Resources/Meshes/Walls/PTK_Wall_Large_3.fbx using Guid(b16e8e17b62c03544ae1e1146d07e728) Importer(2089858483,0ecaa5967403d082aa24f35e1b516d23) Generated GUIDs only implemented for interfaces!
 -> (artifact id: 'd0bddfd7d7d6444309671ce5c9ef1f4f') in 0.034763 seconds 
========================================================================
Received Import Request.
  Time since last request: 0.000074 seconds.
  path: Assets/DigitalKonstrukt/Prototyping_Pack_Free/Resources/Prefabs/Columns/PTK_Column_Edge_Small.prefab
  artifactKey: Guid(47165549cd9765e4d9229b174852972b) Importer(2089858483,0ecaa5967403d082aa24f35e1b516d23)
Start importing Assets/DigitalKonstrukt/Prototyping_Pack_Free/Resources/Prefabs/Columns/PTK_Column_Edge_Small.prefab using Guid(47165549cd9765e4d9229b174852972b) Importer(2089858483,0ecaa5967403d082aa24f35e1b516d23) Generated GUIDs only implemented for interfaces!
 -> (artifact id: '2a8ca738f99ba5ba4eb1c04fde4364c9') in 0.020204 seconds 
========================================================================
Received Import Request.
  Time since last request: 0.000089 seconds.
  path: Assets/DigitalKonstrukt/Prototyping_Pack_Free/Resources/Textures/Proto_2_512.png
  artifactKey: Guid(3db51da499d4ea74ea07211ee4f03401) Importer(2089858483,0ecaa5967403d082aa24f35e1b516d23)
Start importing Assets/DigitalKonstrukt/Prototyping_Pack_Free/Resources/Textures/Proto_2_512.png using Guid(3db51da499d4ea74ea07211ee4f03401) Importer(2089858483,0ecaa5967403d082aa24f35e1b516d23) Generated GUIDs only implemented for interfaces!
 -> (artifact id: '01dbaa0688966e5c893ab4a77ea40cfc') in 0.033932 seconds 
========================================================================
Received Import Request.
  Time since last request: 0.000190 seconds.
  path: Assets/DigitalKonstrukt/Prototyping_Pack_Free/Demo/Demo/LightingData.asset
  artifactKey: Guid(63e7f6cb6d36c114b8ed3f8a0abc6f87) Importer(2089858483,0ecaa5967403d082aa24f35e1b516d23)
Start importing Assets/DigitalKonstrukt/Prototyping_Pack_Free/Demo/Demo/LightingData.asset using Guid(63e7f6cb6d36c114b8ed3f8a0abc6f87) Importer(2089858483,0ecaa5967403d082aa24f35e1b516d23) Lighting data asset LightingData is inconsistent because 8 files out of 40 are missing. Please use Generate Lighting to rebuild the lighting data.
UnityEngine.StackTraceUtility:ExtractStackTrace ()
UnityEditor.Search.AssetIndexer:IndexProperties (int&,string&,bool&)
UnityEditor.Search.AssetIndexer:IndexDocument (string,bool)
UnityEditor.Search.SearchIndexEntryImporter:OnImportAsset (UnityEditor.AssetImporters.AssetImportContext)
UnityEditor.AssetImporters.ScriptedImporter:GenerateAssetData (UnityEditor.AssetImporters.AssetImportContext)

[C:\buildslave\unity\build\Editor\Src\GI\Enlighten\LightingDataAsset.cpp line 365]

Lighting data asset LightingData is incompatible with the current Unity version. Please use Generate Lighting to rebuild the lighting data. Realtime Global Illumination cannot be used until the lighting data is rebuilt.
UnityEngine.StackTraceUtility:ExtractStackTrace ()
UnityEditor.Search.AssetIndexer:IndexProperties (int&,string&,bool&)
UnityEditor.Search.AssetIndexer:IndexDocument (string,bool)
UnityEditor.Search.SearchIndexEntryImporter:OnImportAsset (UnityEditor.AssetImporters.AssetImportContext)
UnityEditor.AssetImporters.ScriptedImporter:GenerateAssetData (UnityEditor.AssetImporters.AssetImportContext)

[C:\buildslave\unity\build\Editor\Src\GI\Enlighten\LightingDataAsset.cpp line 372]

Lighting data asset LightingData is incompatible with the current Unity version because the scene it was baked for was not serialized. Please use Generate Lighting to rebuild the lighting data, or assign the target scene to the Lighting Data Asset in the inspector.
UnityEngine.StackTraceUtility:ExtractStackTrace ()
UnityEditor.Search.AssetIndexer:IndexProperties (int&,string&,bool&)
UnityEditor.Search.AssetIndexer:IndexDocument (string,bool)
UnityEditor.Search.SearchIndexEntryImporter:OnImportAsset (UnityEditor.AssetImporters.AssetImportContext)
UnityEditor.AssetImporters.ScriptedImporter:GenerateAssetData (UnityEditor.AssetImporters.AssetImportContext)

[C:\buildslave\unity\build\Editor\Src\GI\Enlighten\LightingDataAsset.cpp line 379]

Generated GUIDs only implemented for interfaces!
 -> (artifact id: 'a41615f8f4a92789eec329467ee392d7') in 0.046230 seconds 
========================================================================
Received Import Request.
  Time since last request: 0.000064 seconds.
  path: Assets/DigitalKonstrukt/Prototyping_Pack_Free/Resources/Textures/proto_interaction2.png
  artifactKey: Guid(faf222c6648d2534d9bab52c325e6492) Importer(2089858483,0ecaa5967403d082aa24f35e1b516d23)
Start importing Assets/DigitalKonstrukt/Prototyping_Pack_Free/Resources/Textures/proto_interaction2.png using Guid(faf222c6648d2534d9bab52c325e6492) Importer(2089858483,0ecaa5967403d082aa24f35e1b516d23) Generated GUIDs only implemented for interfaces!
 -> (artifact id: 'b824d5038028c03c1a8e3b4a84e49393') in 0.039676 seconds 
========================================================================
Received Import Request.
  Time since last request: 0.000050 seconds.
  path: Assets/DigitalKonstrukt/Prototyping_Pack_Free/Resources/Prefabs/Lamps/PTK_Lamp.prefab
  artifactKey: Guid(5ccb7635a0b4e9c408b824b36c335674) Importer(2089858483,0ecaa5967403d082aa24f35e1b516d23)
Start importing Assets/DigitalKonstrukt/Prototyping_Pack_Free/Resources/Prefabs/Lamps/PTK_Lamp.prefab using Guid(5ccb7635a0b4e9c408b824b36c335674) Importer(2089858483,0ecaa5967403d082aa24f35e1b516d23) Generated GUIDs only implemented for interfaces!
 -> (artifact id: '4fea294ba20b13776675728b3f77ab29') in 0.017940 seconds 
========================================================================
Received Import Request.
  Time since last request: 0.000076 seconds.
  path: Assets/DigitalKonstrukt/Prototyping_Pack_Free/Resources/Meshes/Containers/PTK_Pool.fbx
  artifactKey: Guid(d7132754baf7d324581dba842f24a42d) Importer(2089858483,0ecaa5967403d082aa24f35e1b516d23)
Start importing Assets/DigitalKonstrukt/Prototyping_Pack_Free/Resources/Meshes/Containers/PTK_Pool.fbx using Guid(d7132754baf7d324581dba842f24a42d) Importer(2089858483,0ecaa5967403d082aa24f35e1b516d23) Generated GUIDs only implemented for interfaces!
 -> (artifact id: '8589d7a0c5c438a8e8998c3c50703811') in 0.038451 seconds 
========================================================================
Received Import Request.
  Time since last request: 0.000050 seconds.
  path: Assets/DigitalKonstrukt/Prototyping_Pack_Free/Resources/Materials/Prototyp_Material_3.mat
  artifactKey: Guid(420df58d3076a034094d7f2662b5b1de) Importer(2089858483,0ecaa5967403d082aa24f35e1b516d23)
Start importing Assets/DigitalKonstrukt/Prototyping_Pack_Free/Resources/Materials/Prototyp_Material_3.mat using Guid(420df58d3076a034094d7f2662b5b1de) Importer(2089858483,0ecaa5967403d082aa24f35e1b516d23) Generated GUIDs only implemented for interfaces!
 -> (artifact id: 'a844ae0206fc074b1d9ff17d3145e73f') in 0.020457 seconds 
========================================================================
Received Import Request.
  Time since last request: 0.000062 seconds.
  path: Assets/DigitalKonstrukt/Prototyping_Pack_Free/Resources/Meshes/Ladders/PTK_Ladder_Small.fbx
  artifactKey: Guid(19d9b631e86ab20469c0a25c9706e0bb) Importer(2089858483,0ecaa5967403d082aa24f35e1b516d23)
Start importing Assets/DigitalKonstrukt/Prototyping_Pack_Free/Resources/Meshes/Ladders/PTK_Ladder_Small.fbx using Guid(19d9b631e86ab20469c0a25c9706e0bb) Importer(2089858483,0ecaa5967403d082aa24f35e1b516d23) Generated GUIDs only implemented for interfaces!
 -> (artifact id: 'e169bd6ff9d421ed2429e5658f78e7b0') in 0.036442 seconds 
========================================================================
Received Import Request.
  Time since last request: 0.000077 seconds.
  path: Assets/DigitalKonstrukt/Prototyping_Pack_Free/Resources/Textures/proto_3.png
  artifactKey: Guid(2807688b9d7782c48b64d3ad546e6f16) Importer(2089858483,0ecaa5967403d082aa24f35e1b516d23)
Start importing Assets/DigitalKonstrukt/Prototyping_Pack_Free/Resources/Textures/proto_3.png using Guid(2807688b9d7782c48b64d3ad546e6f16) Importer(2089858483,0ecaa5967403d082aa24f35e1b516d23) Generated GUIDs only implemented for interfaces!
 -> (artifact id: '8261f24899482b11137df6944f28deb1') in 0.032067 seconds 
========================================================================
Received Import Request.
  Time since last request: 0.000065 seconds.
  path: Assets/DigitalKonstrukt/Prototyping_Pack_Free/Resources/Meshes/Containers/PTK_Chest.fbx
  artifactKey: Guid(066266dd97c98fb4480c89021d8935ef) Importer(2089858483,0ecaa5967403d082aa24f35e1b516d23)
Start importing Assets/DigitalKonstrukt/Prototyping_Pack_Free/Resources/Meshes/Containers/PTK_Chest.fbx using Guid(066266dd97c98fb4480c89021d8935ef) Importer(2089858483,0ecaa5967403d082aa24f35e1b516d23) Generated GUIDs only implemented for interfaces!
 -> (artifact id: '40af7afdd59edce8774918421b1c3c01') in 0.039148 seconds 
========================================================================
Received Import Request.
  Time since last request: 0.000064 seconds.
  path: Assets/DigitalKonstrukt/Prototyping_Pack_Free/Resources/Materials/Prototyp_Material_10.mat
  artifactKey: Guid(1b9854cb4546be94796b7c0e97c44249) Importer(2089858483,0ecaa5967403d082aa24f35e1b516d23)
Start importing Assets/DigitalKonstrukt/Prototyping_Pack_Free/Resources/Materials/Prototyp_Material_10.mat using Guid(1b9854cb4546be94796b7c0e97c44249) Importer(2089858483,0ecaa5967403d082aa24f35e1b516d23) Generated GUIDs only implemented for interfaces!
 -> (artifact id: 'fd2fb960ab411f6f494467e665e3edd0') in 0.017569 seconds 
========================================================================
Received Import Request.
  Time since last request: 0.000087 seconds.
  path: Assets/DigitalKonstrukt/Prototyping_Pack_Free/Resources/Prefabs/Collectables/PTK_Collectable_2_blue.prefab
  artifactKey: Guid(862bcb9ece6e0994f8868d4d6af41ffb) Importer(2089858483,0ecaa5967403d082aa24f35e1b516d23)
Start importing Assets/DigitalKonstrukt/Prototyping_Pack_Free/Resources/Prefabs/Collectables/PTK_Collectable_2_blue.prefab using Guid(862bcb9ece6e0994f8868d4d6af41ffb) Importer(2089858483,0ecaa5967403d082aa24f35e1b516d23) Generated GUIDs only implemented for interfaces!
 -> (artifact id: '681b434348d2265ee2d9fe3e9962b34e') in 0.017115 seconds 
========================================================================
Received Import Request.
  Time since last request: 0.000058 seconds.
  path: Assets/DigitalKonstrukt/Prototyping_Pack_Free/Resources/Prefabs/Stairs/PTK_Stairs_Medium.prefab
  artifactKey: Guid(3730624d7a1898441b246db63cde09ec) Importer(2089858483,0ecaa5967403d082aa24f35e1b516d23)
Start importing Assets/DigitalKonstrukt/Prototyping_Pack_Free/Resources/Prefabs/Stairs/PTK_Stairs_Medium.prefab using Guid(3730624d7a1898441b246db63cde09ec) Importer(2089858483,0ecaa5967403d082aa24f35e1b516d23) Generated GUIDs only implemented for interfaces!
 -> (artifact id: '971b3d0a3df4c50f2a796e30f7323c27') in 0.022241 seconds 
========================================================================
Received Import Request.
  Time since last request: 0.000059 seconds.
  path: Assets/DigitalKonstrukt/Prototyping_Pack_Free/Resources/Materials/Prototyp_Material_6.mat
  artifactKey: Guid(c56b206169d606441bc20e1a416560ce) Importer(2089858483,0ecaa5967403d082aa24f35e1b516d23)
Start importing Assets/DigitalKonstrukt/Prototyping_Pack_Free/Resources/Materials/Prototyp_Material_6.mat using Guid(c56b206169d606441bc20e1a416560ce) Importer(2089858483,0ecaa5967403d082aa24f35e1b516d23) Generated GUIDs only implemented for interfaces!
 -> (artifact id: '52701b9388a15ece7b2dd51966b1216a') in 0.023439 seconds 
========================================================================
Received Import Request.
  Time since last request: 0.000118 seconds.
  path: Assets/DigitalKonstrukt/Prototyping_Pack_Free/Resources/Prefabs/Collectables/PTK_Collectable_2_red.prefab
  artifactKey: Guid(9b0953cc164fd0f4ebcbd07e281f258a) Importer(2089858483,0ecaa5967403d082aa24f35e1b516d23)
Start importing Assets/DigitalKonstrukt/Prototyping_Pack_Free/Resources/Prefabs/Collectables/PTK_Collectable_2_red.prefab using Guid(9b0953cc164fd0f4ebcbd07e281f258a) Importer(2089858483,0ecaa5967403d082aa24f35e1b516d23) Generated GUIDs only implemented for interfaces!
 -> (artifact id: '60db21fce3d55678c086709595ed53d7') in 0.014275 seconds 
========================================================================
Received Import Request.
  Time since last request: 0.000120 seconds.
  path: Assets/DigitalKonstrukt/Prototyping_Pack_Free/Resources/Textures/proto_1.png
  artifactKey: Guid(183cc34fb39cd6e48854ccb835b53869) Importer(2089858483,0ecaa5967403d082aa24f35e1b516d23)
Start importing Assets/DigitalKonstrukt/Prototyping_Pack_Free/Resources/Textures/proto_1.png using Guid(183cc34fb39cd6e48854ccb835b53869) Importer(2089858483,0ecaa5967403d082aa24f35e1b516d23) Generated GUIDs only implemented for interfaces!
 -> (artifact id: '73513ed63a8a049ebbc5220f821f5762') in 0.032395 seconds 
========================================================================
Received Import Request.
  Time since last request: 0.000058 seconds.
  path: Assets/DigitalKonstrukt/Prototyping_Pack_Free/Resources/Meshes/Cubes/PTK_Cube_2.fbx
  artifactKey: Guid(b27e57a07e77411459edc525c9c65dc1) Importer(2089858483,0ecaa5967403d082aa24f35e1b516d23)
Start importing Assets/DigitalKonstrukt/Prototyping_Pack_Free/Resources/Meshes/Cubes/PTK_Cube_2.fbx using Guid(b27e57a07e77411459edc525c9c65dc1) Importer(2089858483,0ecaa5967403d082aa24f35e1b516d23) Generated GUIDs only implemented for interfaces!
 -> (artifact id: '866dc180053aa1fa1914b9c212a5210c') in 0.035030 seconds 
========================================================================
Received Import Request.
  Time since last request: 0.000079 seconds.
  path: Assets/DigitalKonstrukt/Prototyping_Pack_Free/Resources/Prefabs/Containers/PTK_Pool.prefab
  artifactKey: Guid(eb5e01ca629f1894186ffde0ed28d33d) Importer(2089858483,0ecaa5967403d082aa24f35e1b516d23)
Start importing Assets/DigitalKonstrukt/Prototyping_Pack_Free/Resources/Prefabs/Containers/PTK_Pool.prefab using Guid(eb5e01ca629f1894186ffde0ed28d33d) Importer(2089858483,0ecaa5967403d082aa24f35e1b516d23) Generated GUIDs only implemented for interfaces!
 -> (artifact id: '34b48821e809eda792509465cd010635') in 0.017434 seconds 
========================================================================
Received Import Request.
  Time since last request: 0.000080 seconds.
  path: Assets/DigitalKonstrukt/Prototyping_Pack_Free/Resources/Prefabs/Doors/PTK_DoubleDoor_Medium.prefab
  artifactKey: Guid(588182d91cae74549ae2bc9f699308d7) Importer(2089858483,0ecaa5967403d082aa24f35e1b516d23)
Start importing Assets/DigitalKonstrukt/Prototyping_Pack_Free/Resources/Prefabs/Doors/PTK_DoubleDoor_Medium.prefab using Guid(588182d91cae74549ae2bc9f699308d7) Importer(2089858483,0ecaa5967403d082aa24f35e1b516d23) Generated GUIDs only implemented for interfaces!
 -> (artifact id: '2d7e5ada519e3b7fceadb06b4ec9b574') in 0.021418 seconds 
========================================================================
Received Import Request.
  Time since last request: 0.000054 seconds.
  path: Assets/DigitalKonstrukt/Prototyping_Pack_Free/Resources/Prefabs/Doors/PTK_Door_Medium_2.prefab
  artifactKey: Guid(a5050ce036dee2d4d9287249a1e60440) Importer(2089858483,0ecaa5967403d082aa24f35e1b516d23)
Start importing Assets/DigitalKonstrukt/Prototyping_Pack_Free/Resources/Prefabs/Doors/PTK_Door_Medium_2.prefab using Guid(a5050ce036dee2d4d9287249a1e60440) Importer(2089858483,0ecaa5967403d082aa24f35e1b516d23) Generated GUIDs only implemented for interfaces!
 -> (artifact id: '39152df59e742a33beac6d1eef9f1ae5') in 0.020284 seconds 
========================================================================
Received Import Request.
  Time since last request: 0.000083 seconds.
  path: Assets/DigitalKonstrukt/Prototyping_Pack_Free/Resources/Prefabs/Columns/PTK_Column_Large.prefab
  artifactKey: Guid(4533eb7e49bd8624ca88dfc1c9cef998) Importer(2089858483,0ecaa5967403d082aa24f35e1b516d23)
Start importing Assets/DigitalKonstrukt/Prototyping_Pack_Free/Resources/Prefabs/Columns/PTK_Column_Large.prefab using Guid(4533eb7e49bd8624ca88dfc1c9cef998) Importer(2089858483,0ecaa5967403d082aa24f35e1b516d23) Generated GUIDs only implemented for interfaces!
 -> (artifact id: 'f0fcd509b76289e6f19beff3fa085767') in 0.020420 seconds 
========================================================================
Received Import Request.
  Time since last request: 0.000065 seconds.
  path: Assets/DigitalKonstrukt/Prototyping_Pack_Free/Resources/Prefabs/Walls/PTK_Wall_Small_4.prefab
  artifactKey: Guid(abe2c6883aa145b44850395bcfd2e9af) Importer(2089858483,0ecaa5967403d082aa24f35e1b516d23)
Start importing Assets/DigitalKonstrukt/Prototyping_Pack_Free/Resources/Prefabs/Walls/PTK_Wall_Small_4.prefab using Guid(abe2c6883aa145b44850395bcfd2e9af) Importer(2089858483,0ecaa5967403d082aa24f35e1b516d23) Generated GUIDs only implemented for interfaces!
 -> (artifact id: '0474185944ca294f909dfeb37614edcd') in 0.016941 seconds 
========================================================================
Received Import Request.
  Time since last request: 0.000088 seconds.
  path: Assets/DigitalKonstrukt/Prototyping_Pack_Free/Resources/Prefabs/Stairs/PTK_Stairs_Small.prefab
  artifactKey: Guid(7c86d38630d69c3428eaa64a2437111f) Importer(2089858483,0ecaa5967403d082aa24f35e1b516d23)
Start importing Assets/DigitalKonstrukt/Prototyping_Pack_Free/Resources/Prefabs/Stairs/PTK_Stairs_Small.prefab using Guid(7c86d38630d69c3428eaa64a2437111f) Importer(2089858483,0ecaa5967403d082aa24f35e1b516d23) Generated GUIDs only implemented for interfaces!
 -> (artifact id: '828228240755c5a4a22f5bcef92dd72a') in 0.020236 seconds 
========================================================================
Received Import Request.
  Time since last request: 0.000058 seconds.
  path: Assets/DigitalKonstrukt/Prototyping_Pack_Free/Resources/Meshes/Ramps/PTK_Ramp_Small.fbx
  artifactKey: Guid(53973ba043b7ca94e80c89239cebc8cf) Importer(2089858483,0ecaa5967403d082aa24f35e1b516d23)
Start importing Assets/DigitalKonstrukt/Prototyping_Pack_Free/Resources/Meshes/Ramps/PTK_Ramp_Small.fbx using Guid(53973ba043b7ca94e80c89239cebc8cf) Importer(2089858483,0ecaa5967403d082aa24f35e1b516d23) Generated GUIDs only implemented for interfaces!
 -> (artifact id: 'c5eb2825511e7502b3991dfbf270c773') in 0.038564 seconds 
========================================================================
Received Import Request.
  Time since last request: 0.000060 seconds.
  path: Assets/DigitalKonstrukt/Prototyping_Pack_Free/Resources/Meshes/Doors/PTK_DoubleDoor_Medium.fbx
  artifactKey: Guid(ab402a8bf9fedf444b0dcfae747a48e6) Importer(2089858483,0ecaa5967403d082aa24f35e1b516d23)
Start importing Assets/DigitalKonstrukt/Prototyping_Pack_Free/Resources/Meshes/Doors/PTK_DoubleDoor_Medium.fbx using Guid(ab402a8bf9fedf444b0dcfae747a48e6) Importer(2089858483,0ecaa5967403d082aa24f35e1b516d23) Generated GUIDs only implemented for interfaces!
 -> (artifact id: '3ebe21840fc44034dcfeb7d5f9999c4e') in 0.044334 seconds 
========================================================================
Received Import Request.
  Time since last request: 0.000057 seconds.
  path: Assets/DigitalKonstrukt/Prototyping_Pack_Free/Resources/Meshes/Walls/PTK_Wall_Small_5.fbx
  artifactKey: Guid(279cf98a71223294da9439e3e7ffa353) Importer(2089858483,0ecaa5967403d082aa24f35e1b516d23)
Start importing Assets/DigitalKonstrukt/Prototyping_Pack_Free/Resources/Meshes/Walls/PTK_Wall_Small_5.fbx using Guid(279cf98a71223294da9439e3e7ffa353) Importer(2089858483,0ecaa5967403d082aa24f35e1b516d23) Generated GUIDs only implemented for interfaces!
 -> (artifact id: '35116b5e2a140d8d10fdeaade248eb72') in 0.037815 seconds 
========================================================================
Received Import Request.
  Time since last request: 0.000060 seconds.
  path: Assets/DigitalKonstrukt/Prototyping_Pack_Free/Resources/Prefabs/Walls/PTK_Wall_Medium_2.prefab
  artifactKey: Guid(1123dde5e341fcd4b8c6e5c6cdd68e21) Importer(2089858483,0ecaa5967403d082aa24f35e1b516d23)
Start importing Assets/DigitalKonstrukt/Prototyping_Pack_Free/Resources/Prefabs/Walls/PTK_Wall_Medium_2.prefab using Guid(1123dde5e341fcd4b8c6e5c6cdd68e21) Importer(2089858483,0ecaa5967403d082aa24f35e1b516d23) Generated GUIDs only implemented for interfaces!
 -> (artifact id: '3a20c382651aca20a7ff4296fe7d49c9') in 0.017759 seconds 
========================================================================
Received Prepare
Refreshing native plugins compatible for Editor in 11.52 ms, found 3 plugins.
Preloading 0 native plugins for Editor in 0.00 ms.
Unloading 20 Unused Serialized files (Serialized files now loaded: 0)
Unloading 20 unused Assets / (75.6 KB). Loaded Objects now: 3902.
Memory consumption went from 78.8 MB to 78.7 MB.
Total: 10.362300 ms (FindLiveObjects: 0.727400 ms CreateObjectMapping: 0.317500 ms MarkObjects: 9.102100 ms  DeleteObjects: 0.213300 ms)

AssetImportParameters requested are different than current active one (requested -> active):
  custom:video-decoder-ogg-theora: a1e56fd34408186e4bbccfd4996cb3dc -> 
  custom:container-muxer-webm: aa71ff27fc2769a1b78a27578f13a17b -> 
  custom:container-demuxer-webm: 4f35f7cbe854078d1ac9338744f61a02 -> 
  custom:video-encoder-webm-vp8: eb34c28f22e8b96e1ab97ce403110664 -> 
  custom:audio-encoder-webm-vorbis: bf7c407c2cedff20999df2af8eb42d56 -> 
  custom:framework-win-MediaFoundation: 216162199b28c13a410421893ffa2e32 -> 
  custom:SearchIndexIgnoredProperties: e643bd26f0fe6173181afceb89e7c659 -> 
  custom:container-demuxer-ogg: 62fdf1f143b41e24485cea50d1cbac27 -> 
  custom:video-decoder-webm-vp8: 9c59270c3fd7afecdb556c50c9e8de78 -> 
  custom:audio-decoder-ogg-vorbis: bf7c407c2cedff20999df2af8eb42d56 -> 
Editor requested this worker to shutdown with reason: Scaling down because of idle timeout
AssetImportWorker is now disconnected from the server
Process exiting
Exiting without the bug reporter. Application will terminate with return code 0